<?xml version="1.0" encoding="UTF-8"?>
<testsuite xmlns:xsi="http://www.w3.org/2001/XMLSchema-instance" xsi:noNamespaceSchemaLocation="https://maven.apache.org/surefire/maven-surefire-plugin/xsd/surefire-test-report-3.0.xsd" version="3.0" name="TestSuite" time="25.911" tests="2" errors="0" skipped="0" failures="0">
  <properties>
[...]
</properties>
  <testcase name="f[Jenna@gmail.com, 555](1)" classname="new_test.NewTest" time="2.268">
    <system-out><![CDATA[[TestNGContentHandler] [WARN] It is strongly recommended to add "<!DOCTYPE suite SYSTEM "https://testng.org/testng-1.0.dtd" >" at the top of the suite file [C:\Users\mshan\eclipse-workspace\testng\Newtest.xml] otherwise TestNG may fail or not work as expected.
]]></system-out>
    <system-err><![CDATA[1706038300926	geckodriver	INFO	Listening on 127.0.0.1:6374
1706038301516	mozrunner::runner	INFO	Running command: "C:\\Program Files\\Mozilla Firefox\\firefox.exe" "--marionette" "-no-remote" "-profile" "C:\\Users\\mshan\\AppData\\Local\\Temp\\rust_mozprofile9IpFKT"
console.warn: services.settings: Ignoring preference override of remote settings server
console.warn: services.settings: Allow by setting MOZ_REMOTE_SETTINGS_DEVTOOLS=1 in the environment
1706038302715	Marionette	INFO	Marionette enabled
Dynamically enable window occlusion 0
1706038304001	Marionette	INFO	Listening on port 52662
Read port: 52662
1706038304457	RemoteAgent	WARN	TLS certificate errors will be ignored for this session
Jan 23, 2024 2:31:47 PM org.openqa.selenium.remote.ProtocolHandshake createSession
INFO: Detected dialect: W3C
JavaScript warning: https://static.xx.fbcdn.net/rsrc.php/v3ihVQ4/yO/l/en_US/ykHZ2A3Nbs2.js?_nc_x=Ij3Wp8lg5Kz, line 21: WEBGL_debug_renderer_info is deprecated in Firefox and will be removed. Please use RENDERER.
]]></system-err>
  </testcase>
  <testcase name="f2[naya@hotmail.com, 666](1)" classname="new_test.NewTest" time="2.679">
    <system-err><![CDATA[1706038311273	Marionette	INFO	Stopped listening on port 52662
Dynamically enable window occlusion 1
1706038312699	geckodriver	INFO	Listening on 127.0.0.1:43797
1706038312739	mozrunner::runner	INFO	Running command: "C:\\Program Files\\Mozilla Firefox\\firefox.exe" "--marionette" "-no-remote" "-profile" "C:\\Users\\mshan\\AppData\\Local\\Temp\\rust_mozprofilezP1KCd"
console.warn: services.settings: Ignoring preference override of remote settings server
console.warn: services.settings: Allow by setting MOZ_REMOTE_SETTINGS_DEVTOOLS=1 in the environment
1706038313492	Marionette	INFO	Marionette enabled
Dynamically enable window occlusion 0
1706038314000	Marionette	INFO	Listening on port 52725
Read port: 52725
1706038314211	RemoteAgent	WARN	TLS certificate errors will be ignored for this session
Jan 23, 2024 2:31:55 PM org.openqa.selenium.remote.ProtocolHandshake createSession
INFO: Detected dialect: W3C
JavaScript warning: https://static.xx.fbcdn.net/rsrc.php/v3ihVQ4/yO/l/en_US/ykHZ2A3Nbs2.js?_nc_x=Ij3Wp8lg5Kz, line 21: WEBGL_debug_renderer_info is deprecated in Firefox and will be removed. Please use RENDERER.
]]></system-err>
  </testcase>
</testsuite>