<?xml version="1.0" encoding="UTF-8"?>
<testng-results ignored="0" total="2" passed="2" failed="0" skipped="0">
  <reporter-output>
  </reporter-output>
  <suite started-at="2024-01-23T14:31:39 EST" name="regression" finished-at="2024-01-23T14:32:04 EST" duration-ms="24417">
    <groups>
    </groups>
    <test started-at="2024-01-23T14:31:39 EST" name="fbhome_restart browser" finished-at="2024-01-23T14:32:04 EST" duration-ms="24417">
      <class name="new_test.NewTest">
        <test-method is-config="true" signature="beforeMethod(java.lang.String)[pri:0, instance:new_test.NewTest@2805c96b]" started-at="2024-01-23T14:31:40 EST" name="beforeMethod" finished-at="2024-01-23T14:31:48 EST" duration-ms="8910" status="PASS">
          <params>
            <param index="0">
              <value>
                <![CDATA[Firefox]]>
              </value>
            </param>
          </params>
          <reporter-output>
          </reporter-output>
        </test-method> <!-- beforeMethod -->
        <test-method signature="f(java.lang.String,java.lang.String)[pri:1, instance:new_test.NewTest@2805c96b]" started-at="2024-01-23T14:31:48 EST" name="f" finished-at="2024-01-23T14:31:51 EST" duration-ms="2313" status="PASS">
          <params>
            <param index="0">
              <value>
                <![CDATA[Jenna@gmail.com]]>
              </value>
            </param>
            <param index="1">
              <value>
                <![CDATA[555]]>
              </value>
            </param>
          </params>
          <reporter-output>
          </reporter-output>
        </test-method> <!-- f -->
        <test-method is-config="true" signature="afterMethod()[pri:0, instance:new_test.NewTest@2805c96b]" started-at="2024-01-23T14:31:51 EST" name="afterMethod" finished-at="2024-01-23T14:31:52 EST" duration-ms="1358" status="PASS">
          <reporter-output>
          </reporter-output>
        </test-method> <!-- afterMethod -->
        <test-method is-config="true" signature="beforeMethod(java.lang.String)[pri:0, instance:new_test.NewTest@2805c96b]" started-at="2024-01-23T14:31:52 EST" name="beforeMethod" finished-at="2024-01-23T14:31:57 EST" duration-ms="4697" status="PASS">
          <params>
            <param index="0">
              <value>
                <![CDATA[Firefox]]>
              </value>
            </param>
          </params>
          <reporter-output>
          </reporter-output>
        </test-method> <!-- beforeMethod -->
        <test-method signature="f2(java.lang.String,java.lang.String)[pri:2, instance:new_test.NewTest@2805c96b]" started-at="2024-01-23T14:31:57 EST" name="f2" finished-at="2024-01-23T14:32:00 EST" duration-ms="2895" status="PASS">
          <params>
            <param index="0">
              <value>
                <![CDATA[naya@hotmail.com]]>
              </value>
            </param>
            <param index="1">
              <value>
                <![CDATA[666]]>
              </value>
            </param>
          </params>
          <reporter-output>
          </reporter-output>
        </test-method> <!-- f2 -->
        <test-method is-config="true" signature="afterMethod()[pri:0, instance:new_test.NewTest@2805c96b]" started-at="2024-01-23T14:32:00 EST" name="afterMethod" finished-at="2024-01-23T14:32:04 EST" duration-ms="4133" status="PASS">
          <reporter-output>
          </reporter-output>
        </test-method> <!-- afterMethod -->
      </class> <!-- new_test.NewTest -->
    </test> <!-- fbhome_restart browser -->
  </suite> <!-- regression -->
</testng-results>
