<?xml version="1.0" encoding="UTF-8"?>
<testng-results ignored="0" total="2" passed="2" failed="0" skipped="0">
  <reporter-output>
  </reporter-output>
  <suite started-at="2024-01-23T01:33:01 EST" name="regression" finished-at="2024-01-23T01:33:11 EST" duration-ms="10215">
    <groups>
    </groups>
    <test started-at="2024-01-23T01:33:01 EST" name="fbhome_restart browser" finished-at="2024-01-23T01:33:11 EST" duration-ms="10215">
      <class name="new_test.NewTest">
        <test-method is-config="true" signature="beforeMethod(java.lang.String)[pri:0, instance:new_test.NewTest@3bf9ce3e]" started-at="2024-01-23T01:33:01 EST" name="beforeMethod" finished-at="2024-01-23T01:33:04 EST" duration-ms="2521" status="PASS">
          <params>
            <param index="0">
              <value>
                <![CDATA[chrome]]>
              </value>
            </param>
          </params>
          <reporter-output>
          </reporter-output>
        </test-method> <!-- beforeMethod -->
        <test-method signature="f(java.lang.String,java.lang.String)[pri:1, instance:new_test.NewTest@3bf9ce3e]" started-at="2024-01-23T01:33:04 EST" name="f" finished-at="2024-01-23T01:33:06 EST" duration-ms="2505" status="PASS">
          <params>
            <param index="0">
              <value>
                <![CDATA[aaa@hotmail.com]]>
              </value>
            </param>
            <param index="1">
              <value>
                <![CDATA[555]]>
              </value>
            </param>
          </params>
          <reporter-output>
          </reporter-output>
        </test-method> <!-- f -->
        <test-method is-config="true" signature="afterMethod()[pri:0, instance:new_test.NewTest@3bf9ce3e]" started-at="2024-01-23T01:33:06 EST" name="afterMethod" finished-at="2024-01-23T01:33:06 EST" duration-ms="143" status="PASS">
          <reporter-output>
          </reporter-output>
        </test-method> <!-- afterMethod -->
        <test-method is-config="true" signature="beforeMethod(java.lang.String)[pri:0, instance:new_test.NewTest@3bf9ce3e]" started-at="2024-01-23T01:33:06 EST" name="beforeMethod" finished-at="2024-01-23T01:33:09 EST" duration-ms="2302" status="PASS">
          <params>
            <param index="0">
              <value>
                <![CDATA[chrome]]>
              </value>
            </param>
          </params>
          <reporter-output>
          </reporter-output>
        </test-method> <!-- beforeMethod -->
        <test-method signature="f2(java.lang.String,java.lang.String)[pri:2, instance:new_test.NewTest@3bf9ce3e]" started-at="2024-01-23T01:33:09 EST" name="f2" finished-at="2024-01-23T01:33:11 EST" duration-ms="2505" status="PASS">
          <params>
            <param index="0">
              <value>
                <![CDATA[KKK@hotmail.com]]>
              </value>
            </param>
            <param index="1">
              <value>
                <![CDATA[666]]>
              </value>
            </param>
          </params>
          <reporter-output>
          </reporter-output>
        </test-method> <!-- f2 -->
        <test-method is-config="true" signature="afterMethod()[pri:0, instance:new_test.NewTest@3bf9ce3e]" started-at="2024-01-23T01:33:11 EST" name="afterMethod" finished-at="2024-01-23T01:33:11 EST" duration-ms="133" status="PASS">
          <reporter-output>
          </reporter-output>
        </test-method> <!-- afterMethod -->
      </class> <!-- new_test.NewTest -->
    </test> <!-- fbhome_restart browser -->
  </suite> <!-- regression -->
</testng-results>
